  StoMifConverterV6.cpp
C:\CPEN412\github_steup\M68kV6.0 - 800by480\Programs\SRecord_to_MIF_Converter\SRecord_to_MIF_Converter\SRecord_to_MIF_Converter\StoMifConverterV6.cpp(27,19): warning C4129: 'M': unrecognized character escape sequence
C:\CPEN412\github_steup\M68kV6.0 - 800by480\Programs\SRecord_to_MIF_Converter\SRecord_to_MIF_Converter\SRecord_to_MIF_Converter\StoMifConverterV6.cpp(19,24): warning C4996: 'fopen': This function or variable may be unsafe. Consider using fopen_s instead. To disable deprecation, use _CRT_SECURE_NO_WARNINGS. See online help for details.
C:\CPEN412\github_steup\M68kV6.0 - 800by480\Programs\SRecord_to_MIF_Converter\SRecord_to_MIF_Converter\SRecord_to_MIF_Converter\StoMifConverterV6.cpp(22,3): warning C4996: 'getch': The POSIX name for this item is deprecated. Instead, use the ISO C and C++ conformant name: _getch. See online help for details.
C:\CPEN412\github_steup\M68kV6.0 - 800by480\Programs\SRecord_to_MIF_Converter\SRecord_to_MIF_Converter\SRecord_to_MIF_Converter\StoMifConverterV6.cpp(26,20): warning C4996: 'fopen': This function or variable may be unsafe. Consider using fopen_s instead. To disable deprecation, use _CRT_SECURE_NO_WARNINGS. See online help for details.
C:\CPEN412\github_steup\M68kV6.0 - 800by480\Programs\SRecord_to_MIF_Converter\SRecord_to_MIF_Converter\SRecord_to_MIF_Converter\StoMifConverterV6.cpp(29,3): warning C4996: 'getch': The POSIX name for this item is deprecated. Instead, use the ISO C and C++ conformant name: _getch. See online help for details.
C:\CPEN412\github_steup\M68kV6.0 - 800by480\Programs\SRecord_to_MIF_Converter\SRecord_to_MIF_Converter\SRecord_to_MIF_Converter\StoMifConverterV6.cpp(77,3): warning C4996: 'sscanf': This function or variable may be unsafe. Consider using sscanf_s instead. To disable deprecation, use _CRT_SECURE_NO_WARNINGS. See online help for details.
C:\CPEN412\github_steup\M68kV6.0 - 800by480\Programs\SRecord_to_MIF_Converter\SRecord_to_MIF_Converter\SRecord_to_MIF_Converter\StoMifConverterV6.cpp(78,3): warning C4996: 'sscanf': This function or variable may be unsafe. Consider using sscanf_s instead. To disable deprecation, use _CRT_SECURE_NO_WARNINGS. See online help for details.
C:\CPEN412\github_steup\M68kV6.0 - 800by480\Programs\SRecord_to_MIF_Converter\SRecord_to_MIF_Converter\SRecord_to_MIF_Converter\StoMifConverterV6.cpp(83,11): warning C4996: 'sscanf': This function or variable may be unsafe. Consider using sscanf_s instead. To disable deprecation, use _CRT_SECURE_NO_WARNINGS. See online help for details.
C:\CPEN412\github_steup\M68kV6.0 - 800by480\Programs\SRecord_to_MIF_Converter\SRecord_to_MIF_Converter\SRecord_to_MIF_Converter\StoMifConverterV6.cpp(92,3): warning C4996: 'sscanf': This function or variable may be unsafe. Consider using sscanf_s instead. To disable deprecation, use _CRT_SECURE_NO_WARNINGS. See online help for details.
C:\CPEN412\github_steup\M68kV6.0 - 800by480\Programs\SRecord_to_MIF_Converter\SRecord_to_MIF_Converter\SRecord_to_MIF_Converter\StoMifConverterV6.cpp(93,3): warning C4996: 'sscanf': This function or variable may be unsafe. Consider using sscanf_s instead. To disable deprecation, use _CRT_SECURE_NO_WARNINGS. See online help for details.
C:\CPEN412\github_steup\M68kV6.0 - 800by480\Programs\SRecord_to_MIF_Converter\SRecord_to_MIF_Converter\SRecord_to_MIF_Converter\StoMifConverterV6.cpp(101,4): warning C4996: 'sscanf': This function or variable may be unsafe. Consider using sscanf_s instead. To disable deprecation, use _CRT_SECURE_NO_WARNINGS. See online help for details.
C:\CPEN412\github_steup\M68kV6.0 - 800by480\Programs\SRecord_to_MIF_Converter\SRecord_to_MIF_Converter\SRecord_to_MIF_Converter\StoMifConverterV6.cpp(111,5): warning C4996: 'sscanf': This function or variable may be unsafe. Consider using sscanf_s instead. To disable deprecation, use _CRT_SECURE_NO_WARNINGS. See online help for details.
C:\CPEN412\github_steup\M68kV6.0 - 800by480\Programs\SRecord_to_MIF_Converter\SRecord_to_MIF_Converter\SRecord_to_MIF_Converter\StoMifConverterV6.cpp(112,5): warning C4996: 'sscanf': This function or variable may be unsafe. Consider using sscanf_s instead. To disable deprecation, use _CRT_SECURE_NO_WARNINGS. See online help for details.
C:\CPEN412\github_steup\M68kV6.0 - 800by480\Programs\SRecord_to_MIF_Converter\SRecord_to_MIF_Converter\SRecord_to_MIF_Converter\StoMifConverterV6.cpp(120,7): warning C4996: 'sscanf': This function or variable may be unsafe. Consider using sscanf_s instead. To disable deprecation, use _CRT_SECURE_NO_WARNINGS. See online help for details.
  Generating code
  1 of 8 functions (12.5%) were compiled, the rest were copied from previous compilation.
    0 functions were new in current compilation
    0 functions had inline decision re-evaluated but remain unchanged
  Finished generating code
  SRecord_to_MIF_Converter.vcxproj -> C:\CPEN412\github_steup\M68kV6.0 - 800by480\Programs\SRecord_to_MIF_Converter\SRecord_to_MIF_Converter\Release\SRecord_to_MIF_Converter.exe
