IP Upgrade report for MC68K
Thu Oct 01 16:39:06 2015
Quartus II 64-Bit Version 15.0.0 Build 145 04/22/2015 SJ Web Edition


---------------------
; Table of Contents ;
---------------------
  1. Legal Notice
  2. IP Upgrade Summary
  3. Failed Upgrade IP Components
  4. IP Upgrade Messages



----------------
; Legal Notice ;
----------------
Copyright (C) 1991-2015 Altera Corporation. All rights reserved.
Your use of Altera Corporation's design tools, logic functions 
and other software and tools, and its AMPP partner logic 
functions, and any output files from any of the foregoing 
(including device programming or simulation files), and any 
associated documentation or information are expressly subject 
to the terms and conditions of the Altera Program License 
Subscription Agreement, the Altera Quartus II License Agreement,
the Altera MegaCore Function License Agreement, or other 
applicable license agreement, including, without limitation, 
that your use is for the sole purpose of programming logic 
devices manufactured by Altera and sold by Altera or its 
authorized distributors.  Please refer to the applicable 
agreement for further details.



+---------------------------------------------------------------------------+
; IP Upgrade Summary                                                        ;
+------------------------------+--------------------------------------------+
; IP Components Upgrade Status ; Failed - Thu Oct 01 16:39:06 2015          ;
; Quartus II 64-Bit Version    ; 15.0.0 Build 145 04/22/2015 SJ Web Edition ;
; Revision Name                ; MC68K                                      ;
; Top-level Entity Name        ; MC68K                                      ;
; Family                       ; Cyclone V                                  ;
+------------------------------+--------------------------------------------+


+----------------------------------------------------------------------------------------------------------------------------------------------------------------+
; Failed Upgrade IP Components                                                                                                                                   ;
+----------------+----------------+---------+----------------------+----------------------+-----------------+----------------------------------------------------+
; Entity Name    ; Component Name ; Version ; Original Source File ; Generation File Path ; New Source File ; Message                                            ;
+----------------+----------------+---------+----------------------+----------------------+-----------------+----------------------------------------------------+
; ClockGen       ; ALTPLL         ; 9.0     ; ClockGen.qip         ; ClockGen.vhd         ;                 ; Error upgrading IP component "ClockGen.vhd".       ;
; VGAClockGen    ; ALTPLL         ; 9.0     ; VGAClockGen.qip      ; VGAClockGen.vhd      ;                 ; Error upgrading IP component "VGAClockGen.vhd".    ;
; ClockGenerator ; ALTPLL         ; 9.0     ; ClockGenerator.qip   ; ClockGenerator.vhd   ;                 ; Error upgrading IP component "ClockGenerator.vhd". ;
; ClockPLL       ; ALTPLL         ; 13.0    ; ClockPLL.qip         ; ClockPLL.vhd         ;                 ; Error upgrading IP component "ClockPLL.vhd".       ;
+----------------+----------------+---------+----------------------+----------------------+-----------------+----------------------------------------------------+


+---------------------+
; IP Upgrade Messages ;
+---------------------+
Info (11902): Backing up file "ClockGen.vhd" to "ClockGen_BAK.vhd"
Info (11837): Started upgrading IP component ALTPLL with file "ClockGen.vhd"
Info (11904): Restoring file "ClockGen_BAK.vhd" to "ClockGen.vhd"
Error (14921): Error upgrading IP component "ClockGen.vhd".
Info (11902): Backing up file "VGAClockGen.vhd" to "VGAClockGen_BAK.vhd"
Info (11837): Started upgrading IP component ALTPLL with file "VGAClockGen.vhd"
Info (11904): Restoring file "VGAClockGen_BAK.vhd" to "VGAClockGen.vhd"
Error (14921): Error upgrading IP component "VGAClockGen.vhd".
Info (11902): Backing up file "ClockGenerator.vhd" to "ClockGenerator_BAK.vhd"
Info (11837): Started upgrading IP component ALTPLL with file "ClockGenerator.vhd"
Info (11904): Restoring file "ClockGenerator_BAK.vhd" to "ClockGenerator.vhd"
Error (14921): Error upgrading IP component "ClockGenerator.vhd".
Info (11902): Backing up file "ClockPLL.vhd" to "ClockPLL_BAK.vhd"
Info (11837): Started upgrading IP component ALTPLL with file "ClockPLL.vhd"
Info (11904): Restoring file "ClockPLL_BAK.vhd" to "ClockPLL.vhd"
Error (14921): Error upgrading IP component "ClockPLL.vhd".
Error (11133): IP component ALTPLL with file "ClockGen.vhd" upgrade failed
Error (11889): IP component upgrade failed
Error (11133): IP component ALTPLL with file "VGAClockGen.vhd" upgrade failed
Error (11889): IP component upgrade failed
Error (11133): IP component ALTPLL with file "ClockGenerator.vhd" upgrade failed
Error (11889): IP component upgrade failed
Error (11133): IP component ALTPLL with file "ClockPLL.vhd" upgrade failed
Error (11889): IP component upgrade failed
Error (23031): Evaluation of Tcl script c:/altera/15.0/quartus/common/tcl/internal/ip_regen/ip_regen.tcl unsuccessful
Error: Quartus II 64-Bit Shell was unsuccessful. 13 errors, 1 warning
    Error: Peak virtual memory: 356 megabytes
    Error: Processing ended: Thu Oct 01 16:39:06 2015
    Error: Elapsed time: 00:00:28
    Error: Total CPU time (on all processors): 00:00:41


