Assembler report for MC68K
Sun Mar 19 23:49:11 2023
Quartus Prime Version 18.1.0 Build 625 09/12/2018 SJ Lite Edition


---------------------
; Table of Contents ;
---------------------
  1. Legal Notice
  2. Assembler Summary
  3. Assembler Settings
  4. Assembler Encrypted IP Cores Summary
  5. Assembler Generated Files
  6. Assembler Device Options: C:/CPEN412/github_steup/M68kV6.0 - 800by480/MC68K.sof
  7. Assembler Messages



----------------
; Legal Notice ;
----------------
Copyright (C) 2018  Intel Corporation. All rights reserved.
Your use of Intel Corporation's design tools, logic functions 
and other software and tools, and its AMPP partner logic 
functions, and any output files from any of the foregoing 
(including device programming or simulation files), and any 
associated documentation or information are expressly subject 
to the terms and conditions of the Intel Program License 
Subscription Agreement, the Intel Quartus Prime License Agreement,
the Intel FPGA IP License Agreement, or other applicable license
agreement, including, without limitation, that your use is for
the sole purpose of programming logic devices manufactured by
Intel and sold by Intel or its authorized distributors.  Please
refer to the applicable agreement for further details.



+---------------------------------------------------------------+
; Assembler Summary                                             ;
+-----------------------+---------------------------------------+
; Assembler Status      ; Successful - Sun Mar 19 23:49:11 2023 ;
; Revision Name         ; MC68K                                 ;
; Top-level Entity Name ; MC68K                                 ;
; Family                ; Cyclone V                             ;
; Device                ; 5CSEMA5F31C6                          ;
+-----------------------+---------------------------------------+


+----------------------------------+
; Assembler Settings               ;
+--------+---------+---------------+
; Option ; Setting ; Default Value ;
+--------+---------+---------------+


+------------------------------------------------+
; Assembler Encrypted IP Cores Summary           ;
+--------+------------------------+--------------+
; Vendor ; IP Core Name           ; License Type ;
+--------+------------------------+--------------+
; Altera ; Signal Tap (6AF7 BCE1) ; Licensed     ;
; Altera ; Signal Tap (6AF7 BCEC) ; Licensed     ;
+--------+------------------------+--------------+


+-------------------------------------------------------+
; Assembler Generated Files                             ;
+-------------------------------------------------------+
; File Name                                             ;
+-------------------------------------------------------+
; C:/CPEN412/github_steup/M68kV6.0 - 800by480/MC68K.sof ;
+-------------------------------------------------------+


+---------------------------------------------------------------------------------+
; Assembler Device Options: C:/CPEN412/github_steup/M68kV6.0 - 800by480/MC68K.sof ;
+----------------+----------------------------------------------------------------+
; Option         ; Setting                                                        ;
+----------------+----------------------------------------------------------------+
; JTAG usercode  ; 0x06CAEAB2                                                     ;
; Checksum       ; 0x06CAEAB2                                                     ;
+----------------+----------------------------------------------------------------+


+--------------------+
; Assembler Messages ;
+--------------------+
Info: *******************************************************************
Info: Running Quartus Prime Assembler
    Info: Version 18.1.0 Build 625 09/12/2018 SJ Lite Edition
    Info: Processing started: Sun Mar 19 23:48:44 2023
Info: Command: quartus_asm --read_settings_files=off --write_settings_files=off MC68K -c MC68K
Warning (125092): Tcl Script File Valid_Data.qip not found
    Info (125063): set_global_assignment -name QIP_FILE Valid_Data.qip
Warning (125092): Tcl Script File Tag_Data.qip not found
    Info (125063): set_global_assignment -name QIP_FILE Tag_Data.qip
Warning (125092): Tcl Script File CacheData.qip not found
    Info (125063): set_global_assignment -name QIP_FILE CacheData.qip
Warning (125092): Tcl Script File Tag_Data_Associative.qip not found
    Info (125063): set_global_assignment -name QIP_FILE Tag_Data_Associative.qip
Warning (125092): Tcl Script File CachedData_Associative.qip not found
    Info (125063): set_global_assignment -name QIP_FILE CachedData_Associative.qip
Warning (125092): Tcl Script File PLRU_Bits.qip not found
    Info (125063): set_global_assignment -name QIP_FILE PLRU_Bits.qip
Warning (125092): Tcl Script File Valid_Bit_Associative.qip not found
    Info (125063): set_global_assignment -name QIP_FILE Valid_Bit_Associative.qip
Warning (125092): Tcl Script File Clock_Gen.qip not found
    Info (125063): set_global_assignment -name QIP_FILE Clock_Gen.qip
Warning (125092): Tcl Script File Clock_Gen.sip not found
    Info (125063): set_global_assignment -name SIP_FILE Clock_Gen.sip
Warning (18236): Number of processors has not been specified which may cause overloading on shared machines.  Set the global assignment NUM_PARALLEL_PROCESSORS in your QSF to an appropriate value for best performance.
Info (115030): Assembler is generating device programming files
Info: Quartus Prime Assembler was successful. 0 errors, 10 warnings
    Info: Peak virtual memory: 4917 megabytes
    Info: Processing ended: Sun Mar 19 23:49:11 2023
    Info: Elapsed time: 00:00:27
    Info: Total CPU time (on all processors): 00:00:26


