Flow report for MC68K
Fri Jan 20 09:25:38 2023
Quartus Prime Version 18.1.0 Build 625 09/12/2018 SJ Lite Edition


---------------------
; Table of Contents ;
---------------------
  1. Legal Notice
  2. Flow Summary
  3. Flow Settings
  4. Flow Non-Default Global Settings
  5. Flow Elapsed Time
  6. Flow OS Summary
  7. Flow Log
  8. Flow Messages
  9. Flow Suppressed Messages



----------------
; Legal Notice ;
----------------
Copyright (C) 2018  Intel Corporation. All rights reserved.
Your use of Intel Corporation's design tools, logic functions 
and other software and tools, and its AMPP partner logic 
functions, and any output files from any of the foregoing 
(including device programming or simulation files), and any 
associated documentation or information are expressly subject 
to the terms and conditions of the Intel Program License 
Subscription Agreement, the Intel Quartus Prime License Agreement,
the Intel FPGA IP License Agreement, or other applicable license
agreement, including, without limitation, that your use is for
the sole purpose of programming logic devices manufactured by
Intel and sold by Intel or its authorized distributors.  Please
refer to the applicable agreement for further details.



+---------------------------------------------------------------------------+
; Flow Summary                                                              ;
+-----------------------------+---------------------------------------------+
; Flow Status                 ; Flow Failed - Fri Jan 20 09:25:38 2023      ;
; Quartus Prime Version       ; 18.1.0 Build 625 09/12/2018 SJ Lite Edition ;
; Revision Name               ; MC68K                                       ;
; Top-level Entity Name       ; MC68K                                       ;
; Family                      ; Cyclone V                                   ;
; Device                      ; 5CSEMA5F31C6                                ;
; Timing Models               ; Final                                       ;
; Logic utilization (in ALMs) ; N/A until Partition Merge                   ;
; Total registers             ; N/A until Partition Merge                   ;
; Total pins                  ; N/A until Partition Merge                   ;
; Total virtual pins          ; N/A until Partition Merge                   ;
; Total block memory bits     ; N/A until Partition Merge                   ;
; Total PLLs                  ; N/A until Partition Merge                   ;
; Total DLLs                  ; N/A until Partition Merge                   ;
+-----------------------------+---------------------------------------------+


+-----------------------------------------+
; Flow Settings                           ;
+-------------------+---------------------+
; Option            ; Setting             ;
+-------------------+---------------------+
; Start date & time ; 01/20/2023 09:24:44 ;
; Main task         ; Compilation         ;
; Revision Name     ; MC68K               ;
+-------------------+---------------------+


+-------------------------------------------------------------------------------------------------------------------------------------------+
; Flow Non-Default Global Settings                                                                                                          ;
+---------------------------------------------------+----------------------------------------+---------------+-------------+----------------+
; Assignment Name                                   ; Value                                  ; Default Value ; Entity Name ; Section Id     ;
+---------------------------------------------------+----------------------------------------+---------------+-------------+----------------+
; ADV_NETLIST_OPT_SYNTH_WYSIWYG_REMAP               ; On                                     ; Off           ; --          ; --             ;
; COMPILER_SIGNATURE_ID                             ; 1099277793069.167423548216424          ; --            ; --          ; --             ;
; DO_COMBINED_ANALYSIS                              ; -- (Not supported for targeted family) ; Off           ; --          ; --             ;
; EDA_GENERATE_FUNCTIONAL_NETLIST                   ; Off                                    ; --            ; --          ; eda_simulation ;
; EDA_GENERATE_GATE_LEVEL_SIMULATION_COMMAND_SCRIPT ; Off                                    ; --            ; --          ; eda_simulation ;
; EDA_GENERATE_RTL_SIMULATION_COMMAND_SCRIPT        ; Off                                    ; --            ; --          ; eda_simulation ;
; EDA_OUTPUT_DATA_FORMAT                            ; Vhdl                                   ; --            ; --          ; eda_simulation ;
; EDA_SIMULATION_TOOL                               ; ModelSim-Altera (VHDL)                 ; <None>        ; --          ; --             ;
; EDA_TIME_SCALE                                    ; 1 ps                                   ; --            ; --          ; eda_simulation ;
; FITTER_EFFORT                                     ; Fast Fit                               ; Auto Fit      ; --          ; --             ;
; FMAX_REQUIREMENT                                  ; 25 MHz                                 ; --            ; --          ; --             ;
; IGNORE_CLOCK_SETTINGS                             ; On                                     ; Off           ; --          ; --             ;
; IGNORE_LCELL_BUFFERS                              ; On                                     ; Off           ; --          ; --             ;
; MAX_CORE_JUNCTION_TEMP                            ; 85                                     ; --            ; --          ; --             ;
; MIN_CORE_JUNCTION_TEMP                            ; 0                                      ; --            ; --          ; --             ;
; MISC_FILE                                         ; lpm_bustri0.bsf                        ; --            ; --          ; --             ;
; MISC_FILE                                         ; lpm_bustri0.cmp                        ; --            ; --          ; --             ;
; MISC_FILE                                         ; lpm_bustri2.bsf                        ; --            ; --          ; --             ;
; MISC_FILE                                         ; lpm_bustri2.cmp                        ; --            ; --          ; --             ;
; MISC_FILE                                         ; SingleBitTriState.bsf                  ; --            ; --          ; --             ;
; MISC_FILE                                         ; SingleBitTriState.cmp                  ; --            ; --          ; --             ;
; MISC_FILE                                         ; ClockGen.cmp                           ; --            ; --          ; --             ;
; MISC_FILE                                         ; ClockGen_sim/ClockGen.vho              ; --            ; --          ; --             ;
; MISC_FILE                                         ; Ram32kByte.bsf                         ; --            ; --          ; --             ;
; MISC_FILE                                         ; Ram32kByte.cmp                         ; --            ; --          ; --             ;
; MISC_FILE                                         ; ROM2/OnChipRom16KWord.bsf              ; --            ; --          ; --             ;
; MISC_FILE                                         ; ROM2/OnChipRom16KWord.cmp              ; --            ; --          ; --             ;
; MUX_RESTRUCTURE                                   ; Off                                    ; Auto          ; --          ; --             ;
; PARTITION_COLOR                                   ; -- (Not supported for targeted family) ; --            ; --          ; Top            ;
; PARTITION_FITTER_PRESERVATION_LEVEL               ; -- (Not supported for targeted family) ; --            ; --          ; Top            ;
; PARTITION_NETLIST_TYPE                            ; -- (Not supported for targeted family) ; --            ; --          ; Top            ;
; PHYSICAL_SYNTHESIS_COMBO_LOGIC                    ; On                                     ; Off           ; --          ; --             ;
; PHYSICAL_SYNTHESIS_REGISTER_DUPLICATION           ; On                                     ; Off           ; --          ; --             ;
; PHYSICAL_SYNTHESIS_REGISTER_RETIMING              ; On                                     ; Off           ; --          ; --             ;
; POWER_BOARD_THERMAL_MODEL                         ; None (CONSERVATIVE)                    ; --            ; --          ; --             ;
; POWER_PRESET_COOLING_SOLUTION                     ; 23 MM HEAT SINK WITH 200 LFPM AIRFLOW  ; --            ; --          ; --             ;
; QII_AUTO_PACKED_REGISTERS                         ; Normal                                 ; Auto          ; --          ; --             ;
; ROUTER_TIMING_OPTIMIZATION_LEVEL                  ; MAXIMUM                                ; Normal        ; --          ; --             ;
; SPD_FILE                                          ; ClockGen.spd                           ; --            ; --          ; --             ;
; SYNTHESIS_ONLY_QIP                                ; On                                     ; --            ; --          ; --             ;
; TIMING_ANALYZER_DO_CCPP_REMOVAL                   ; Off                                    ; On            ; --          ; --             ;
; USE_GENERATED_PHYSICAL_CONSTRAINTS                ; Off                                    ; --            ; --          ; eda_blast_fpga ;
+---------------------------------------------------+----------------------------------------+---------------+-------------+----------------+


+--------------------------------------------------------------------------------------------------------------------------+
; Flow Elapsed Time                                                                                                        ;
+----------------------+--------------+-------------------------+---------------------+------------------------------------+
; Module Name          ; Elapsed Time ; Average Processors Used ; Peak Virtual Memory ; Total CPU Time (on all processors) ;
+----------------------+--------------+-------------------------+---------------------+------------------------------------+
; Analysis & Synthesis ; 00:00:56     ; 1.0                     ; 4912 MB             ; 00:01:50                           ;
; Total                ; 00:00:56     ; --                      ; --                  ; 00:01:50                           ;
+----------------------+--------------+-------------------------+---------------------+------------------------------------+


+------------------------------------------------------------------------------------+
; Flow OS Summary                                                                    ;
+----------------------+------------------+------------+------------+----------------+
; Module Name          ; Machine Hostname ; OS Name    ; OS Version ; Processor type ;
+----------------------+------------------+------------+------------+----------------+
; Analysis & Synthesis ; DESKTOP-4TBPLT4  ; Windows 10 ; 10.0       ; x86_64         ;
+----------------------+------------------+------------+------------+----------------+


------------
; Flow Log ;
------------
quartus_map --read_settings_files=on --write_settings_files=off MC68K -c MC68K



